[1765813515107] Server starting on port 5555
[1765813597660] New connection from /127.0.0.1:55503
[1765813606587] Broadcast from SERVER: user1 joined.
[1765813622332] New connection from /127.0.0.1:62260
[1765813627199] Broadcast from SERVER: user2 joined.
[1765813655745] Broadcast from user1: привет всем
[1765813668001] PM user1 -> user2: привет в личку
[1765813684002] Broadcast from SERVER: user2 left.
[1765813684004] Client error: Socket closed
[1765813684004] Broadcast from SERVER: user2 left.
[1765813820482] Client error: Connection reset
[1765813820482] Broadcast from SERVER: user1 left.
[1765814164032] Server starting on port 5555
[1765814213015] New connection from /127.0.0.1:58541
[1765814352711] Server starting on port 5555
[1765814362018] New connection from /127.0.0.1:60311
[1765814374140] Client error: Socket closed
[1765814397093] Server starting on port 5555
[1765814403183] New connection from /127.0.0.1:50074
[1765814416841] Broadcast from SERVER: user1 joined.
[1765814429701] User renamed: user1 -> vadilka
[1765814429701] Broadcast from SERVER: user1 changed nickname to vadilka
[1765814440314] New connection from /127.0.0.1:55681
[1765814449416] Client error: Socket closed
[1765814468713] Broadcast from SERVER: vadilka left.
[1765814468714] Client error: Socket closed
[1765814468714] Broadcast from SERVER: vadilka left.
[1765814759296] Server starting on port 5555
[1765814767183] New connection from /127.0.0.1:56880
[1765814776867] Broadcast from SERVER: user3 joined.
[1765814788571] Broadcast from SERVER: user3 left.
[1765815075089] Server starting on port 5555
[1765815085100] [MONITOR] Online: 0 | Messages: 0 | Uptime: 00:00:10
[1765815094723] New connection from /127.0.0.1:51410
[1765815095101] [MONITOR] Online: 0 | Messages: 0 | Uptime: 00:00:20
[1765815105102] [MONITOR] Online: 0 | Messages: 0 | Uptime: 00:00:30
[1765815110519] Broadcast from SERVER: 131 joined.
[1765815115104] [MONITOR] Online: 1 | Messages: 1 | Uptime: 00:00:40
[1765815123245] Broadcast from 131: KY
[1765815125105] [MONITOR] Online: 1 | Messages: 2 | Uptime: 00:00:50
[1765815135106] [MONITOR] Online: 1 | Messages: 2 | Uptime: 00:01:00
[1765815135979] Broadcast from SERVER: 131 left.
[1765815145108] [MONITOR] Online: 0 | Messages: 3 | Uptime: 00:01:10
[1765815579217] Server starting on port 5555
[1765815586670] New connection from /127.0.0.1:57897
[1765815589227] [MONITOR] Online: 0 | Messages: 0 | Uptime: 00:00:10
[1765815593848] Broadcast from SERVER: 131 joined.
[1765815599228] [MONITOR] Online: 1 | Messages: 1 | Uptime: 00:00:20
[1765815609230] [MONITOR] Online: 1 | Messages: 1 | Uptime: 00:00:30
[1765815617537] Broadcast from SERVER: 131 left.
[1765815619231] [MONITOR] Online: 0 | Messages: 2 | Uptime: 00:00:40
[1765815629243] [MONITOR] Online: 0 | Messages: 2 | Uptime: 00:00:50
